Determining if the pthread_create exist failed with the following output:
Change Dir: /home/panda/ws_moveit/build/moveit_resources_panda_description/CMakeFiles/CMakeTmp

Run Build Command:"/usr/bin/make" "cmTC_24d90/fast"
/usr/bin/make -f CMakeFiles/cmTC_24d90.dir/build.make CMakeFiles/cmTC_24d90.dir/build
make[1]: Entering directory '/home/panda/ws_moveit/build/moveit_resources_panda_description/CMakeFiles/CMakeTmp'
Building C object CMakeFiles/cmTC_24d90.dir/CheckSymbolExists.c.o
/usr/lib/ccache/cc    -o CMakeFiles/cmTC_24d90.dir/CheckSymbolExists.c.o   -c /home/panda/ws_moveit/build/moveit_resources_panda_description/CMakeFiles/CMakeTmp/CheckSymbolExists.c
Linking C executable cmTC_24d90
/usr/bin/cmake -E cmake_link_script CMakeFiles/cmTC_24d90.dir/link.txt --verbose=1
/usr/lib/ccache/cc      -rdynamic CMakeFiles/cmTC_24d90.dir/CheckSymbolExists.c.o  -o cmTC_24d90 
CMakeFiles/cmTC_24d90.dir/CheckSymbolExists.c.o: In function `main':
CheckSymbolExists.c:(.text+0x1b): undefined reference to `pthread_create'
collect2: error: ld returned 1 exit status
CMakeFiles/cmTC_24d90.dir/build.make:97: recipe for target 'cmTC_24d90' failed
make[1]: *** [cmTC_24d90] Error 1
make[1]: Leaving directory '/home/panda/ws_moveit/build/moveit_resources_panda_description/CMakeFiles/CMakeTmp'
Makefile:126: recipe for target 'cmTC_24d90/fast' failed
make: *** [cmTC_24d90/fast] Error 2

File /home/panda/ws_moveit/build/moveit_resources_panda_description/CMakeFiles/CMakeTmp/CheckSymbolExists.c:
/* */
#include <pthread.h>

int main(int argc, char** argv)
{
  (void)argv;
#ifndef pthread_create
  return ((int*)(&pthread_create))[argc];
#else
  (void)argc;
  return 0;
#endif
}

Determining if the function pthread_create exists in the pthreads failed with the following output:
Change Dir: /home/panda/ws_moveit/build/moveit_resources_panda_description/CMakeFiles/CMakeTmp

Run Build Command:"/usr/bin/make" "cmTC_15011/fast"
/usr/bin/make -f CMakeFiles/cmTC_15011.dir/build.make CMakeFiles/cmTC_15011.dir/build
make[1]: Entering directory '/home/panda/ws_moveit/build/moveit_resources_panda_description/CMakeFiles/CMakeTmp'
Building C object CMakeFiles/cmTC_15011.dir/CheckFunctionExists.c.o
/usr/lib/ccache/cc   -DCHECK_FUNCTION_EXISTS=pthread_create   -o CMakeFiles/cmTC_15011.dir/CheckFunctionExists.c.o   -c /usr/share/cmake-3.10/Modules/CheckFunctionExists.c
Linking C executable cmTC_15011
/usr/bin/cmake -E cmake_link_script CMakeFiles/cmTC_15011.dir/link.txt --verbose=1
/usr/lib/ccache/cc  -DCHECK_FUNCTION_EXISTS=pthread_create    -rdynamic CMakeFiles/cmTC_15011.dir/CheckFunctionExists.c.o  -o cmTC_15011 -lpthreads 
/usr/bin/ld: cannot find -lpthreads
collect2: error: ld returned 1 exit status
CMakeFiles/cmTC_15011.dir/build.make:97: recipe for target 'cmTC_15011' failed
make[1]: *** [cmTC_15011] Error 1
make[1]: Leaving directory '/home/panda/ws_moveit/build/moveit_resources_panda_description/CMakeFiles/CMakeTmp'
Makefile:126: recipe for target 'cmTC_15011/fast' failed
make: *** [cmTC_15011/fast] Error 2


