[36m--[0m Using CATKIN_DEVEL_PREFIX: /home/panda/ws_moveit/devel/.private/franka_gripper
[36m--[0m Using CMAKE_PREFIX_PATH: /home/panda/ws_moveit/devel;/opt/ros/melodic;/home/panda/libfranka/devel
[36m--[0m This workspace overlays: /home/panda/ws_moveit/devel;/opt/ros/melodic
[36m--[0m Found PythonInterp: /usr/bin/python2 (found suitable version "2.7.17", minimum required is "2")
[36m--[0m Using PYTHON_EXECUTABLE: /usr/bin/python2
[36m--[0m Using Debian Python package layout
[36m--[0m Using empy: /usr/bin/empy
[36m--[0m Using CATKIN_ENABLE_TESTING: ON
[36m--[0m Call enable_testing()
[36m--[0m Using CATKIN_TEST_RESULTS_DIR: /home/panda/ws_moveit/build/franka_gripper/test_results
[36m--[0m Found gtest sources under '/usr/src/googletest': gtests will be built
[36m--[0m Found gmock sources under '/usr/src/googletest': gmock will be built
[36m--[0m Found PythonInterp: /usr/bin/python2 (found version "2.7.17")
[36m--[0m Using Python nosetests: /usr/bin/nosetests-2.7
[36m--[0m catkin 0.7.29
[36m--[0m BUILD_SHARED_LIBS is on
[36m--[0m Using these message generators: gencpp;geneus;genlisp;gennodejs;genpy
[31m[1mCMake Error[0m at /home/panda/ws_moveit/src/franka_ros/franka_gripper/CMakeLists.txt:19 (find_package):
  By not providing "FindFranka.cmake" in CMAKE_MODULE_PATH this project has
  asked CMake to find a package configuration file provided by "Franka", but
  CMake did not find one.

  Could not find a package configuration file provided by "Franka" (requested
  version 0.8.0) with any of the following names:

    FrankaConfig.cmake
    franka-config.cmake

  Add the installation prefix of "Franka" to CMAKE_PREFIX_PATH or set
  "Franka_DIR" to a directory containing one of the above files.  If "Franka"
  provides a separate development package or SDK, be sure it has been
  installed.


[36m--[0m Configuring incomplete, errors occurred!
See also "/home/panda/ws_moveit/build/franka_gripper/CMakeFiles/CMakeOutput.log".
See also "/home/panda/ws_moveit/build/franka_gripper/CMakeFiles/CMakeError.log".
make: *** [cmake_check_build_system] Error 1
Makefile:1598: recipe for target 'cmake_check_build_system' failed
