Determining if the pthread_create exist failed with the following output:
Change Dir: /home/panda/ws_moveit/build/moveit_ros_manipulation/CMakeFiles/CMakeTmp

Run Build Command:"/usr/bin/make" "cmTC_6903f/fast"
/usr/bin/make -f CMakeFiles/cmTC_6903f.dir/build.make CMakeFiles/cmTC_6903f.dir/build
make[1]: Entering directory '/home/panda/ws_moveit/build/moveit_ros_manipulation/CMakeFiles/CMakeTmp'
Building C object CMakeFiles/cmTC_6903f.dir/CheckSymbolExists.c.o
/usr/lib/ccache/cc    -o CMakeFiles/cmTC_6903f.dir/CheckSymbolExists.c.o   -c /home/panda/ws_moveit/build/moveit_ros_manipulation/CMakeFiles/CMakeTmp/CheckSymbolExists.c
Linking C executable cmTC_6903f
/usr/bin/cmake -E cmake_link_script CMakeFiles/cmTC_6903f.dir/link.txt --verbose=1
/usr/lib/ccache/cc      -rdynamic CMakeFiles/cmTC_6903f.dir/CheckSymbolExists.c.o  -o cmTC_6903f 
CMakeFiles/cmTC_6903f.dir/CheckSymbolExists.c.o: In function `main':
CheckSymbolExists.c:(.text+0x1b): undefined reference to `pthread_create'
collect2: error: ld returned 1 exit status
CMakeFiles/cmTC_6903f.dir/build.make:97: recipe for target 'cmTC_6903f' failed
make[1]: *** [cmTC_6903f] Error 1
make[1]: Leaving directory '/home/panda/ws_moveit/build/moveit_ros_manipulation/CMakeFiles/CMakeTmp'
Makefile:126: recipe for target 'cmTC_6903f/fast' failed
make: *** [cmTC_6903f/fast] Error 2

File /home/panda/ws_moveit/build/moveit_ros_manipulation/CMakeFiles/CMakeTmp/CheckSymbolExists.c:
/* */
#include <pthread.h>

int main(int argc, char** argv)
{
  (void)argv;
#ifndef pthread_create
  return ((int*)(&pthread_create))[argc];
#else
  (void)argc;
  return 0;
#endif
}

Determining if the function pthread_create exists in the pthreads failed with the following output:
Change Dir: /home/panda/ws_moveit/build/moveit_ros_manipulation/CMakeFiles/CMakeTmp

Run Build Command:"/usr/bin/make" "cmTC_8c9ea/fast"
/usr/bin/make -f CMakeFiles/cmTC_8c9ea.dir/build.make CMakeFiles/cmTC_8c9ea.dir/build
make[1]: Entering directory '/home/panda/ws_moveit/build/moveit_ros_manipulation/CMakeFiles/CMakeTmp'
Building C object CMakeFiles/cmTC_8c9ea.dir/CheckFunctionExists.c.o
/usr/lib/ccache/cc   -DCHECK_FUNCTION_EXISTS=pthread_create   -o CMakeFiles/cmTC_8c9ea.dir/CheckFunctionExists.c.o   -c /usr/share/cmake-3.10/Modules/CheckFunctionExists.c
Linking C executable cmTC_8c9ea
/usr/bin/cmake -E cmake_link_script CMakeFiles/cmTC_8c9ea.dir/link.txt --verbose=1
/usr/lib/ccache/cc  -DCHECK_FUNCTION_EXISTS=pthread_create    -rdynamic CMakeFiles/cmTC_8c9ea.dir/CheckFunctionExists.c.o  -o cmTC_8c9ea -lpthreads 
/usr/bin/ld: cannot find -lpthreads
collect2: error: ld returned 1 exit status
CMakeFiles/cmTC_8c9ea.dir/build.make:97: recipe for target 'cmTC_8c9ea' failed
make[1]: *** [cmTC_8c9ea] Error 1
make[1]: Leaving directory '/home/panda/ws_moveit/build/moveit_ros_manipulation/CMakeFiles/CMakeTmp'
Makefile:126: recipe for target 'cmTC_8c9ea/fast' failed
make: *** [cmTC_8c9ea/fast] Error 2


