Determining if the pthread_create exist failed with the following output:
Change Dir: /home/panda/ws_moveit/build/catkin_tools_prebuild/CMakeFiles/CMakeTmp

Run Build Command:"/usr/bin/make" "cmTC_f0afe/fast"
/usr/bin/make -f CMakeFiles/cmTC_f0afe.dir/build.make CMakeFiles/cmTC_f0afe.dir/build
make[1]: Entering directory '/home/panda/ws_moveit/build/catkin_tools_prebuild/CMakeFiles/CMakeTmp'
Building C object CMakeFiles/cmTC_f0afe.dir/CheckSymbolExists.c.o
/usr/lib/ccache/cc    -o CMakeFiles/cmTC_f0afe.dir/CheckSymbolExists.c.o   -c /home/panda/ws_moveit/build/catkin_tools_prebuild/CMakeFiles/CMakeTmp/CheckSymbolExists.c
Linking C executable cmTC_f0afe
/usr/bin/cmake -E cmake_link_script CMakeFiles/cmTC_f0afe.dir/link.txt --verbose=1
/usr/lib/ccache/cc      -rdynamic CMakeFiles/cmTC_f0afe.dir/CheckSymbolExists.c.o  -o cmTC_f0afe 
CMakeFiles/cmTC_f0afe.dir/CheckSymbolExists.c.o: In function `main':
CheckSymbolExists.c:(.text+0x1b): undefined reference to `pthread_create'
collect2: error: ld returned 1 exit status
CMakeFiles/cmTC_f0afe.dir/build.make:97: recipe for target 'cmTC_f0afe' failed
make[1]: *** [cmTC_f0afe] Error 1
make[1]: Leaving directory '/home/panda/ws_moveit/build/catkin_tools_prebuild/CMakeFiles/CMakeTmp'
Makefile:126: recipe for target 'cmTC_f0afe/fast' failed
make: *** [cmTC_f0afe/fast] Error 2

File /home/panda/ws_moveit/build/catkin_tools_prebuild/CMakeFiles/CMakeTmp/CheckSymbolExists.c:
/* */
#include <pthread.h>

int main(int argc, char** argv)
{
  (void)argv;
#ifndef pthread_create
  return ((int*)(&pthread_create))[argc];
#else
  (void)argc;
  return 0;
#endif
}

Determining if the function pthread_create exists in the pthreads failed with the following output:
Change Dir: /home/panda/ws_moveit/build/catkin_tools_prebuild/CMakeFiles/CMakeTmp

Run Build Command:"/usr/bin/make" "cmTC_51a38/fast"
/usr/bin/make -f CMakeFiles/cmTC_51a38.dir/build.make CMakeFiles/cmTC_51a38.dir/build
make[1]: Entering directory '/home/panda/ws_moveit/build/catkin_tools_prebuild/CMakeFiles/CMakeTmp'
Building C object CMakeFiles/cmTC_51a38.dir/CheckFunctionExists.c.o
/usr/lib/ccache/cc   -DCHECK_FUNCTION_EXISTS=pthread_create   -o CMakeFiles/cmTC_51a38.dir/CheckFunctionExists.c.o   -c /usr/share/cmake-3.10/Modules/CheckFunctionExists.c
Linking C executable cmTC_51a38
/usr/bin/cmake -E cmake_link_script CMakeFiles/cmTC_51a38.dir/link.txt --verbose=1
/usr/lib/ccache/cc  -DCHECK_FUNCTION_EXISTS=pthread_create    -rdynamic CMakeFiles/cmTC_51a38.dir/CheckFunctionExists.c.o  -o cmTC_51a38 -lpthreads 
/usr/bin/ld: cannot find -lpthreads
collect2: error: ld returned 1 exit status
CMakeFiles/cmTC_51a38.dir/build.make:97: recipe for target 'cmTC_51a38' failed
make[1]: *** [cmTC_51a38] Error 1
make[1]: Leaving directory '/home/panda/ws_moveit/build/catkin_tools_prebuild/CMakeFiles/CMakeTmp'
Makefile:126: recipe for target 'cmTC_51a38/fast' failed
make: *** [cmTC_51a38/fast] Error 2


