[  2%] [32m[1mLinking CXX shared library /home/panda/ws_moveit/devel/.private/moveit_tutorials/lib/libcontroller_manager_example.so[0m
[  4%] [32m[1mLinking CXX shared library /home/panda/ws_moveit/devel/.private/moveit_tutorials/lib/libinteractivity_utils.so[0m
[ 11%] Built target interactivity_utils
[ 13%] [32m[1mLinking CXX executable /home/panda/ws_moveit/devel/.private/moveit_tutorials/lib/moveit_tutorials/ros_api_tutorial[0m
[ 15%] Built target controller_manager_example
[ 18%] [32m[1mLinking CXX executable /home/panda/ws_moveit/devel/.private/moveit_tutorials/lib/moveit_tutorials/motion_planning_api_tutorial[0m
[ 20%] Built target ros_api_tutorial
[ 22%] [32m[1mLinking CXX executable /home/panda/ws_moveit/devel/.private/moveit_tutorials/lib/moveit_tutorials/motion_planning_pipeline_tutorial[0m
[ 25%] Built target motion_planning_api_tutorial
[ 27%] [32m[1mLinking CXX executable /home/panda/ws_moveit/devel/.private/moveit_tutorials/lib/moveit_tutorials/move_group_interface_tutorial[0m
[ 29%] Built target motion_planning_pipeline_tutorial
[ 31%] [32m[1mLinking CXX executable /home/panda/ws_moveit/devel/.private/moveit_tutorials/lib/moveit_tutorials/detect_and_add_cylinder_collision_object_demo[0m
[ 34%] [32m[1mLinking CXX executable /home/panda/ws_moveit/devel/.private/moveit_tutorials/lib/moveit_tutorials/bag_publisher_maintain_time[0m
[ 36%] Built target move_group_interface_tutorial
[ 38%] [32m[1mLinking CXX executable /home/panda/ws_moveit/devel/.private/moveit_tutorials/lib/moveit_tutorials/pick_place_tutorial[0m
[ 40%] Built target bag_publisher_maintain_time
[ 43%] [32m[1mLinking CXX executable /home/panda/ws_moveit/devel/.private/moveit_tutorials/lib/moveit_tutorials/planning_scene_tutorial[0m
[ 45%] Built target pick_place_tutorial
[ 47%] [32m[1mLinking CXX executable /home/panda/ws_moveit/devel/.private/moveit_tutorials/lib/moveit_tutorials/planning_scene_ros_api_tutorial[0m
[ 50%] Built target planning_scene_tutorial
[ 52%] [32m[1mLinking CXX executable /home/panda/ws_moveit/devel/.private/moveit_tutorials/lib/moveit_tutorials/robot_model_and_robot_state_tutorial[0m
[ 54%] Built target robot_model_and_robot_state_tutorial
[ 56%] Built target planning_scene_ros_api_tutorial
[ 59%] [32m[1mLinking CXX executable /home/panda/ws_moveit/devel/.private/moveit_tutorials/lib/moveit_tutorials/state_display_tutorial[0m
[ 61%] [32m[1mLinking CXX executable /home/panda/ws_moveit/devel/.private/moveit_tutorials/lib/moveit_tutorials/subframes_tutorial[0m
[ 63%] [32m[1mLinking CXX executable /home/panda/ws_moveit/devel/.private/moveit_tutorials/lib/moveit_tutorials/trajopt_example[0m
[ 65%] Built target state_display_tutorial
[ 68%] [32m[1mLinking CXX executable /home/panda/ws_moveit/devel/.private/moveit_tutorials/lib/moveit_tutorials/lerp_example[0m
[ 70%] Built target subframes_tutorial
[ 72%] [32m[1mLinking CXX shared library /home/panda/ws_moveit/devel/.private/moveit_tutorials/lib/libmoveit_lerp_planner_plugin.so[0m
[ 75%] Built target trajopt_example
[ 77%] [32m[1mLinking CXX executable /home/panda/ws_moveit/devel/.private/moveit_tutorials/lib/moveit_tutorials/moveit_cpp_tutorial[0m
[ 84%] Built target moveit_lerp_planner_plugin
[ 86%] [32m[1mLinking CXX executable /home/panda/ws_moveit/devel/.private/moveit_tutorials/lib/moveit_tutorials/visualizing_collisions_tutorial[0m
[ 88%] Built target lerp_example
[ 90%] [32m[1mLinking CXX executable /home/panda/ws_moveit/devel/.private/moveit_tutorials/lib/moveit_tutorials/bullet_collision_checker_tutorial[0m
[ 93%] Built target moveit_cpp_tutorial
[ 95%] Built target visualizing_collisions_tutorial
[ 97%] Built target bullet_collision_checker_tutorial
[100%] Built target detect_and_add_cylinder_collision_object_demo
