[  0%] Built target tf2_msgs_generate_messages_eus
[  0%] Built target _franka_example_controllers_generate_messages_check_deps_DSM
[  0%] Built target _franka_example_controllers_generate_messages_check_deps_JointStates
[  0%] Built target _franka_example_controllers_generate_messages_check_deps_JointTorqueComparison
[  0%] Built target std_msgs_generate_messages_py
[  0%] Built target _franka_example_controllers_generate_messages_check_deps_TrajectoryPredictions
[  0%] Built target std_msgs_generate_messages_nodejs
[  0%] Built target std_msgs_generate_messages_cpp
[  0%] Built target actionlib_msgs_generate_messages_lisp
[  0%] Built target geometry_msgs_generate_messages_lisp
[  0%] Built target tf2_msgs_generate_messages_lisp
[  0%] Built target dynamic_reconfigure_gencfg
[  0%] Built target control_msgs_generate_messages_lisp
[  0%] Built target geometry_msgs_generate_messages_py
[  0%] Built target dynamic_reconfigure_generate_messages_py
[  0%] Built target dynamic_reconfigure_generate_messages_lisp
[  0%] Built target rosgraph_msgs_generate_messages_cpp
[  0%] Built target dynamic_reconfigure_generate_messages_eus
[  0%] Built target actionlib_msgs_generate_messages_py
[  0%] Built target franka_gripper_generate_messages_eus
[  0%] Built target std_msgs_generate_messages_lisp
[  0%] Built target actionlib_msgs_generate_messages_nodejs
[  0%] Built target actionlib_generate_messages_cpp
[  0%] Built target sensor_msgs_generate_messages_nodejs
[  0%] Built target geometry_msgs_generate_messages_nodejs
[  0%] Built target control_msgs_generate_messages_cpp
[  0%] Built target std_srvs_generate_messages_eus
[  0%] Built target roscpp_generate_messages_lisp
[  0%] Built target roscpp_generate_messages_nodejs
[  0%] Built target geometry_msgs_generate_messages_eus
[  0%] Built target roscpp_generate_messages_py
[  0%] Built target trajectory_msgs_generate_messages_eus
[  0%] Built target dynamic_reconfigure_generate_messages_nodejs
[  0%] Built target std_srvs_generate_messages_cpp
[  0%] Built target rosgraph_msgs_generate_messages_eus
[  0%] Built target rosgraph_msgs_generate_messages_lisp
[  0%] Built target std_msgs_generate_messages_eus
[  0%] Built target trajectory_msgs_generate_messages_py
[  0%] Built target actionlib_msgs_generate_messages_eus
[  0%] Built target roscpp_generate_messages_eus
[  0%] Built target rosgraph_msgs_generate_messages_py
[  2%] Built target control_msgs_generate_messages_py
[ 11%] Built target franka_example_controllers_gencfg
[ 11%] Built target actionlib_generate_messages_eus
[ 11%] Built target rosgraph_msgs_generate_messages_nodejs
[ 11%] Built target geometry_msgs_generate_messages_cpp
[ 11%] Built target actionlib_generate_messages_lisp
[ 11%] Built target std_srvs_generate_messages_nodejs
[ 11%] Built target tf2_msgs_generate_messages_py
[ 11%] Built target actionlib_generate_messages_py
[ 11%] Built target std_srvs_generate_messages_lisp
[ 11%] Built target std_srvs_generate_messages_py
[ 11%] Built target tf2_msgs_generate_messages_nodejs
[ 11%] Built target franka_msgs_generate_messages_cpp
[ 11%] Built target franka_msgs_generate_messages_eus
[ 11%] Built target franka_msgs_generate_messages_lisp
[ 11%] Built target sensor_msgs_generate_messages_lisp
[ 11%] Built target franka_gripper_generate_messages_lisp
[ 11%] Built target franka_msgs_generate_messages_nodejs
[ 11%] Built target franka_gripper_generate_messages_cpp
[ 11%] Built target franka_gripper_generate_messages_nodejs
[ 11%] Built target sensor_msgs_generate_messages_py
[ 11%] Built target dynamic_reconfigure_generate_messages_cpp
[ 11%] Built target franka_msgs_generate_messages_py
[ 11%] Built target tf_generate_messages_py
[ 11%] Built target franka_gripper_generate_messages_py
[ 11%] Built target control_msgs_generate_messages_eus
[ 11%] Built target actionlib_generate_messages_nodejs
[ 11%] Built target tf_generate_messages_cpp
[ 11%] Built target roscpp_generate_messages_cpp
[ 11%] Built target control_msgs_generate_messages_nodejs
[ 11%] Built target trajectory_msgs_generate_messages_cpp
[ 11%] Built target trajectory_msgs_generate_messages_lisp
[ 23%] Built target franka_example_controllers_generate_messages_eus
[ 23%] Built target trajectory_msgs_generate_messages_nodejs
[ 23%] Built target sensor_msgs_generate_messages_cpp
[ 23%] Built target sensor_msgs_generate_messages_eus
[ 23%] Built target actionlib_msgs_generate_messages_cpp
[ 23%] Built target tf_generate_messages_eus
[ 23%] Built target tf_generate_messages_lisp
[ 23%] Built target tf_generate_messages_nodejs
[ 23%] Built target tf2_msgs_generate_messages_cpp
[ 34%] Built target franka_example_controllers_generate_messages_py
[ 44%] Built target franka_example_controllers_generate_messages_nodejs
[ 53%] Built target franka_example_controllers_generate_messages_cpp
[ 62%] Built target franka_example_controllers_generate_messages_lisp
[ 62%] Built target franka_example_controllers_gencpp
[ 62%] Built target franka_example_controllers_generate_messages
[35m[1mScanning dependencies of target teleop_gripper_node[0m
[35m[1mScanning dependencies of target franka_example_controllers[0m
[ 65%] [32mBuilding CXX object CMakeFiles/teleop_gripper_node.dir/src/teleop_gripper_node.cpp.o[0m
[ 67%] [32m[1mLinking CXX executable /home/panda/ws_moveit/devel/.private/franka_example_controllers/lib/franka_example_controllers/teleop_gripper_node[0m
[ 69%] [32mBuilding CXX object CMakeFiles/franka_example_controllers.dir/src/elbow_example_controller.cpp.o[0m
[ 72%] [32mBuilding CXX object CMakeFiles/franka_example_controllers.dir/src/cartesian_pose_example_controller.cpp.o[0m
[ 74%] [32mBuilding CXX object CMakeFiles/franka_example_controllers.dir/src/cartesian_velocity_example_controller.cpp.o[0m
[ 76%] [32mBuilding CXX object CMakeFiles/franka_example_controllers.dir/src/joint_position_example_controller.cpp.o[0m
[ 79%] [32mBuilding CXX object CMakeFiles/franka_example_controllers.dir/src/joint_velocity_example_controller.cpp.o[0m
[ 81%] [32mBuilding CXX object CMakeFiles/franka_example_controllers.dir/src/model_example_controller.cpp.o[0m
[ 81%] Built target teleop_gripper_node
[ 83%] [32mBuilding CXX object CMakeFiles/franka_example_controllers.dir/src/joint_impedance_example_controller.cpp.o[0m
[ 86%] [32mBuilding CXX object CMakeFiles/franka_example_controllers.dir/src/cartesian_impedance_example_controller.cpp.o[0m
[ 88%] [32mBuilding CXX object CMakeFiles/franka_example_controllers.dir/src/force_example_controller.cpp.o[0m
[ 90%] [32mBuilding CXX object CMakeFiles/franka_example_controllers.dir/src/dual_arm_cartesian_impedance_example_controller.cpp.o[0m
[ 93%] [32mBuilding CXX object CMakeFiles/franka_example_controllers.dir/src/teleop_joint_pd_example_controller.cpp.o[0m
[ 95%] [32mBuilding CXX object CMakeFiles/franka_example_controllers.dir/src/joint_wall.cpp.o[0m
[ 97%] [32mBuilding CXX object CMakeFiles/franka_example_controllers.dir/src/cylindrical_obstacles.cpp.o[0m
[100%] [32m[1mLinking CXX shared library /home/panda/ws_moveit/devel/.private/franka_example_controllers/lib/libfranka_example_controllers.so[0m
[100%] Built target franka_example_controllers
