[  0%] Built target tf2_msgs_generate_messages_eus
[  0%] Built target _franka_example_controllers_generate_messages_check_deps_DSM
[  0%] Built target _franka_example_controllers_generate_messages_check_deps_JointStates
[  0%] Built target _franka_example_controllers_generate_messages_check_deps_JointTorqueComparison
[  0%] Built target _franka_example_controllers_generate_messages_check_deps_TrajectoryPredictions
[  0%] Built target std_msgs_generate_messages_py
[  0%] Built target std_msgs_generate_messages_nodejs
[  0%] Built target std_msgs_generate_messages_cpp
[  0%] Built target actionlib_msgs_generate_messages_lisp
[  0%] Built target geometry_msgs_generate_messages_lisp
[  0%] Built target tf2_msgs_generate_messages_lisp
[  0%] Built target dynamic_reconfigure_gencfg
[  0%] Built target control_msgs_generate_messages_lisp
[  0%] Built target geometry_msgs_generate_messages_py
[  0%] Built target dynamic_reconfigure_generate_messages_py
[  0%] Built target dynamic_reconfigure_generate_messages_lisp
[  0%] Built target rosgraph_msgs_generate_messages_cpp
[  0%] Built target dynamic_reconfigure_generate_messages_eus
[  0%] Built target actionlib_msgs_generate_messages_py
[  0%] Built target franka_gripper_generate_messages_eus
[  0%] Built target std_msgs_generate_messages_lisp
[  0%] Built target actionlib_msgs_generate_messages_nodejs
[  0%] Built target actionlib_generate_messages_cpp
[  0%] Built target sensor_msgs_generate_messages_nodejs
[  0%] Built target geometry_msgs_generate_messages_nodejs
[  0%] Built target control_msgs_generate_messages_cpp
[  0%] Built target std_srvs_generate_messages_eus
[  0%] Built target roscpp_generate_messages_lisp
[  0%] Built target roscpp_generate_messages_nodejs
[  0%] Built target geometry_msgs_generate_messages_eus
[  0%] Built target roscpp_generate_messages_py
[  0%] Built target trajectory_msgs_generate_messages_eus
[  0%] Built target dynamic_reconfigure_generate_messages_nodejs
[  0%] Built target std_srvs_generate_messages_cpp
[  0%] Built target rosgraph_msgs_generate_messages_eus
[  0%] Built target rosgraph_msgs_generate_messages_lisp
[  0%] Built target std_msgs_generate_messages_eus
[  0%] Built target trajectory_msgs_generate_messages_py
[  0%] Built target actionlib_msgs_generate_messages_eus
[  0%] Built target roscpp_generate_messages_eus
[  0%] Built target rosgraph_msgs_generate_messages_py
[ 11%] Built target franka_example_controllers_gencfg
[ 11%] Built target control_msgs_generate_messages_py
[ 11%] Built target rosgraph_msgs_generate_messages_nodejs
[ 11%] Built target actionlib_generate_messages_eus
[ 11%] Built target geometry_msgs_generate_messages_cpp
[ 11%] Built target actionlib_generate_messages_lisp
[ 11%] Built target std_srvs_generate_messages_nodejs
[ 11%] Built target tf2_msgs_generate_messages_py
[ 11%] Built target actionlib_generate_messages_py
[ 11%] Built target std_srvs_generate_messages_lisp
[ 11%] Built target std_srvs_generate_messages_py
[ 11%] Built target tf2_msgs_generate_messages_nodejs
[ 11%] Built target franka_msgs_generate_messages_cpp
[ 11%] Built target franka_msgs_generate_messages_eus
[ 11%] Built target franka_msgs_generate_messages_lisp
[ 11%] Built target sensor_msgs_generate_messages_lisp
[ 11%] Built target franka_gripper_generate_messages_lisp
[ 11%] Built target franka_gripper_generate_messages_cpp
[ 11%] Built target franka_msgs_generate_messages_nodejs
[ 11%] Built target franka_gripper_generate_messages_nodejs
[ 11%] Built target sensor_msgs_generate_messages_py
[ 11%] Built target dynamic_reconfigure_generate_messages_cpp
[ 11%] Built target franka_msgs_generate_messages_py
[ 11%] Built target tf_generate_messages_py
[ 11%] Built target franka_gripper_generate_messages_py
[ 11%] Built target control_msgs_generate_messages_eus
[ 11%] Built target actionlib_generate_messages_nodejs
[ 11%] Built target tf_generate_messages_cpp
[ 11%] Built target roscpp_generate_messages_cpp
[ 11%] Built target control_msgs_generate_messages_nodejs
[ 11%] Built target trajectory_msgs_generate_messages_cpp
[ 11%] Built target trajectory_msgs_generate_messages_lisp
[ 23%] Built target franka_example_controllers_generate_messages_eus
[ 23%] Built target trajectory_msgs_generate_messages_nodejs
[ 23%] Built target sensor_msgs_generate_messages_cpp
[ 23%] Built target sensor_msgs_generate_messages_eus
[ 23%] Built target actionlib_msgs_generate_messages_cpp
[ 23%] Built target tf_generate_messages_eus
[ 23%] Built target tf_generate_messages_lisp
[ 23%] Built target tf_generate_messages_nodejs
[ 23%] Built target tf2_msgs_generate_messages_cpp
[ 32%] Built target franka_example_controllers_generate_messages_nodejs
[ 44%] Built target franka_example_controllers_generate_messages_py
[ 53%] Built target franka_example_controllers_generate_messages_cpp
[ 62%] Built target franka_example_controllers_generate_messages_lisp
[ 62%] Built target franka_example_controllers_gencpp
[ 62%] Built target franka_example_controllers_generate_messages
[ 67%] Built target teleop_gripper_node
[35m[1mScanning dependencies of target franka_example_controllers[0m
[ 69%] [32mBuilding CXX object CMakeFiles/franka_example_controllers.dir/src/cylindrical_obstacles.cpp.o[0m
[ 72%] [32m[1mLinking CXX shared library /home/panda/ws_moveit/devel/.private/franka_example_controllers/lib/libfranka_example_controllers.so[0m
[100%] Built target franka_example_controllers
