Determining if the pthread_create exist failed with the following output:
Change Dir: /home/panda/ws_moveit/build/moveit_resources_fanuc_moveit_config/CMakeFiles/CMakeTmp

Run Build Command:"/usr/bin/make" "cmTC_c64af/fast"
/usr/bin/make -f CMakeFiles/cmTC_c64af.dir/build.make CMakeFiles/cmTC_c64af.dir/build
make[1]: Entering directory '/home/panda/ws_moveit/build/moveit_resources_fanuc_moveit_config/CMakeFiles/CMakeTmp'
Building C object CMakeFiles/cmTC_c64af.dir/CheckSymbolExists.c.o
/usr/lib/ccache/cc    -o CMakeFiles/cmTC_c64af.dir/CheckSymbolExists.c.o   -c /home/panda/ws_moveit/build/moveit_resources_fanuc_moveit_config/CMakeFiles/CMakeTmp/CheckSymbolExists.c
Linking C executable cmTC_c64af
/usr/bin/cmake -E cmake_link_script CMakeFiles/cmTC_c64af.dir/link.txt --verbose=1
/usr/lib/ccache/cc      -rdynamic CMakeFiles/cmTC_c64af.dir/CheckSymbolExists.c.o  -o cmTC_c64af 
CMakeFiles/cmTC_c64af.dir/CheckSymbolExists.c.o: In function `main':
CheckSymbolExists.c:(.text+0x1b): undefined reference to `pthread_create'
collect2: error: ld returned 1 exit status
CMakeFiles/cmTC_c64af.dir/build.make:97: recipe for target 'cmTC_c64af' failed
make[1]: *** [cmTC_c64af] Error 1
make[1]: Leaving directory '/home/panda/ws_moveit/build/moveit_resources_fanuc_moveit_config/CMakeFiles/CMakeTmp'
Makefile:126: recipe for target 'cmTC_c64af/fast' failed
make: *** [cmTC_c64af/fast] Error 2

File /home/panda/ws_moveit/build/moveit_resources_fanuc_moveit_config/CMakeFiles/CMakeTmp/CheckSymbolExists.c:
/* */
#include <pthread.h>

int main(int argc, char** argv)
{
  (void)argv;
#ifndef pthread_create
  return ((int*)(&pthread_create))[argc];
#else
  (void)argc;
  return 0;
#endif
}

Determining if the function pthread_create exists in the pthreads failed with the following output:
Change Dir: /home/panda/ws_moveit/build/moveit_resources_fanuc_moveit_config/CMakeFiles/CMakeTmp

Run Build Command:"/usr/bin/make" "cmTC_415ba/fast"
/usr/bin/make -f CMakeFiles/cmTC_415ba.dir/build.make CMakeFiles/cmTC_415ba.dir/build
make[1]: Entering directory '/home/panda/ws_moveit/build/moveit_resources_fanuc_moveit_config/CMakeFiles/CMakeTmp'
Building C object CMakeFiles/cmTC_415ba.dir/CheckFunctionExists.c.o
/usr/lib/ccache/cc   -DCHECK_FUNCTION_EXISTS=pthread_create   -o CMakeFiles/cmTC_415ba.dir/CheckFunctionExists.c.o   -c /usr/share/cmake-3.10/Modules/CheckFunctionExists.c
Linking C executable cmTC_415ba
/usr/bin/cmake -E cmake_link_script CMakeFiles/cmTC_415ba.dir/link.txt --verbose=1
/usr/lib/ccache/cc  -DCHECK_FUNCTION_EXISTS=pthread_create    -rdynamic CMakeFiles/cmTC_415ba.dir/CheckFunctionExists.c.o  -o cmTC_415ba -lpthreads 
/usr/bin/ld: cannot find -lpthreads
collect2: error: ld returned 1 exit status
CMakeFiles/cmTC_415ba.dir/build.make:97: recipe for target 'cmTC_415ba' failed
make[1]: *** [cmTC_415ba] Error 1
make[1]: Leaving directory '/home/panda/ws_moveit/build/moveit_resources_fanuc_moveit_config/CMakeFiles/CMakeTmp'
Makefile:126: recipe for target 'cmTC_415ba/fast' failed
make: *** [cmTC_415ba/fast] Error 2


