Determining if the pthread_create exist failed with the following output:
Change Dir: /home/panda/ws_moveit/build/moveit_fake_controller_manager/CMakeFiles/CMakeTmp

Run Build Command:"/usr/bin/make" "cmTC_a4138/fast"
/usr/bin/make -f CMakeFiles/cmTC_a4138.dir/build.make CMakeFiles/cmTC_a4138.dir/build
make[1]: Entering directory '/home/panda/ws_moveit/build/moveit_fake_controller_manager/CMakeFiles/CMakeTmp'
Building C object CMakeFiles/cmTC_a4138.dir/CheckSymbolExists.c.o
/usr/lib/ccache/cc    -o CMakeFiles/cmTC_a4138.dir/CheckSymbolExists.c.o   -c /home/panda/ws_moveit/build/moveit_fake_controller_manager/CMakeFiles/CMakeTmp/CheckSymbolExists.c
Linking C executable cmTC_a4138
/usr/bin/cmake -E cmake_link_script CMakeFiles/cmTC_a4138.dir/link.txt --verbose=1
/usr/lib/ccache/cc      -rdynamic CMakeFiles/cmTC_a4138.dir/CheckSymbolExists.c.o  -o cmTC_a4138 
CMakeFiles/cmTC_a4138.dir/CheckSymbolExists.c.o: In function `main':
CheckSymbolExists.c:(.text+0x1b): undefined reference to `pthread_create'
collect2: error: ld returned 1 exit status
CMakeFiles/cmTC_a4138.dir/build.make:97: recipe for target 'cmTC_a4138' failed
make[1]: *** [cmTC_a4138] Error 1
make[1]: Leaving directory '/home/panda/ws_moveit/build/moveit_fake_controller_manager/CMakeFiles/CMakeTmp'
Makefile:126: recipe for target 'cmTC_a4138/fast' failed
make: *** [cmTC_a4138/fast] Error 2

File /home/panda/ws_moveit/build/moveit_fake_controller_manager/CMakeFiles/CMakeTmp/CheckSymbolExists.c:
/* */
#include <pthread.h>

int main(int argc, char** argv)
{
  (void)argv;
#ifndef pthread_create
  return ((int*)(&pthread_create))[argc];
#else
  (void)argc;
  return 0;
#endif
}

Determining if the function pthread_create exists in the pthreads failed with the following output:
Change Dir: /home/panda/ws_moveit/build/moveit_fake_controller_manager/CMakeFiles/CMakeTmp

Run Build Command:"/usr/bin/make" "cmTC_b5774/fast"
/usr/bin/make -f CMakeFiles/cmTC_b5774.dir/build.make CMakeFiles/cmTC_b5774.dir/build
make[1]: Entering directory '/home/panda/ws_moveit/build/moveit_fake_controller_manager/CMakeFiles/CMakeTmp'
Building C object CMakeFiles/cmTC_b5774.dir/CheckFunctionExists.c.o
/usr/lib/ccache/cc   -DCHECK_FUNCTION_EXISTS=pthread_create   -o CMakeFiles/cmTC_b5774.dir/CheckFunctionExists.c.o   -c /usr/share/cmake-3.10/Modules/CheckFunctionExists.c
Linking C executable cmTC_b5774
/usr/bin/cmake -E cmake_link_script CMakeFiles/cmTC_b5774.dir/link.txt --verbose=1
/usr/lib/ccache/cc  -DCHECK_FUNCTION_EXISTS=pthread_create    -rdynamic CMakeFiles/cmTC_b5774.dir/CheckFunctionExists.c.o  -o cmTC_b5774 -lpthreads 
/usr/bin/ld: cannot find -lpthreads
collect2: error: ld returned 1 exit status
CMakeFiles/cmTC_b5774.dir/build.make:97: recipe for target 'cmTC_b5774' failed
make[1]: *** [cmTC_b5774] Error 1
make[1]: Leaving directory '/home/panda/ws_moveit/build/moveit_fake_controller_manager/CMakeFiles/CMakeTmp'
Makefile:126: recipe for target 'cmTC_b5774/fast' failed
make: *** [cmTC_b5774/fast] Error 2


