Determining if the pthread_create exist failed with the following output:
Change Dir: /home/panda/ws_moveit/build/franka_control/CMakeFiles/CMakeTmp

Run Build Command:"/usr/bin/make" "cmTC_e9dca/fast"
/usr/bin/make -f CMakeFiles/cmTC_e9dca.dir/build.make CMakeFiles/cmTC_e9dca.dir/build
make[1]: Entering directory '/home/panda/ws_moveit/build/franka_control/CMakeFiles/CMakeTmp'
Building C object CMakeFiles/cmTC_e9dca.dir/CheckSymbolExists.c.o
/usr/lib/ccache/cc    -o CMakeFiles/cmTC_e9dca.dir/CheckSymbolExists.c.o   -c /home/panda/ws_moveit/build/franka_control/CMakeFiles/CMakeTmp/CheckSymbolExists.c
Linking C executable cmTC_e9dca
/usr/bin/cmake -E cmake_link_script CMakeFiles/cmTC_e9dca.dir/link.txt --verbose=1
/usr/lib/ccache/cc      -rdynamic CMakeFiles/cmTC_e9dca.dir/CheckSymbolExists.c.o  -o cmTC_e9dca 
CMakeFiles/cmTC_e9dca.dir/CheckSymbolExists.c.o: In function `main':
CheckSymbolExists.c:(.text+0x1b): undefined reference to `pthread_create'
collect2: error: ld returned 1 exit status
CMakeFiles/cmTC_e9dca.dir/build.make:97: recipe for target 'cmTC_e9dca' failed
make[1]: *** [cmTC_e9dca] Error 1
make[1]: Leaving directory '/home/panda/ws_moveit/build/franka_control/CMakeFiles/CMakeTmp'
Makefile:126: recipe for target 'cmTC_e9dca/fast' failed
make: *** [cmTC_e9dca/fast] Error 2

File /home/panda/ws_moveit/build/franka_control/CMakeFiles/CMakeTmp/CheckSymbolExists.c:
/* */
#include <pthread.h>

int main(int argc, char** argv)
{
  (void)argv;
#ifndef pthread_create
  return ((int*)(&pthread_create))[argc];
#else
  (void)argc;
  return 0;
#endif
}

Determining if the function pthread_create exists in the pthreads failed with the following output:
Change Dir: /home/panda/ws_moveit/build/franka_control/CMakeFiles/CMakeTmp

Run Build Command:"/usr/bin/make" "cmTC_711c1/fast"
/usr/bin/make -f CMakeFiles/cmTC_711c1.dir/build.make CMakeFiles/cmTC_711c1.dir/build
make[1]: Entering directory '/home/panda/ws_moveit/build/franka_control/CMakeFiles/CMakeTmp'
Building C object CMakeFiles/cmTC_711c1.dir/CheckFunctionExists.c.o
/usr/lib/ccache/cc   -DCHECK_FUNCTION_EXISTS=pthread_create   -o CMakeFiles/cmTC_711c1.dir/CheckFunctionExists.c.o   -c /usr/share/cmake-3.10/Modules/CheckFunctionExists.c
Linking C executable cmTC_711c1
/usr/bin/cmake -E cmake_link_script CMakeFiles/cmTC_711c1.dir/link.txt --verbose=1
/usr/lib/ccache/cc  -DCHECK_FUNCTION_EXISTS=pthread_create    -rdynamic CMakeFiles/cmTC_711c1.dir/CheckFunctionExists.c.o  -o cmTC_711c1 -lpthreads 
/usr/bin/ld: cannot find -lpthreads
collect2: error: ld returned 1 exit status
CMakeFiles/cmTC_711c1.dir/build.make:97: recipe for target 'cmTC_711c1' failed
make[1]: *** [cmTC_711c1] Error 1
make[1]: Leaving directory '/home/panda/ws_moveit/build/franka_control/CMakeFiles/CMakeTmp'
Makefile:126: recipe for target 'cmTC_711c1/fast' failed
make: *** [cmTC_711c1/fast] Error 2


