[  2%] [32m[1mLinking CXX shared library /home/panda/ws_moveit/devel/.private/pilz_industrial_motion_planner/lib/libplanning_context_loader_lin.so[0m
[  4%] [32m[1mLinking CXX shared library /home/panda/ws_moveit/devel/.private/pilz_industrial_motion_planner/lib/libplanning_context_loader_circ.so[0m
[ 14%] Built target planning_context_loader_circ
[ 23%] Built target planning_context_loader_lin
[ 25%] [32m[1mLinking CXX shared library /home/panda/ws_moveit/devel/.private/pilz_industrial_motion_planner/lib/libpilz_industrial_motion_planner.so[0m
[ 25%] [32m[1mLinking CXX shared library /home/panda/ws_moveit/devel/.private/pilz_industrial_motion_planner/lib/libpilz_industrial_motion_planner_lib.so[0m
[ 27%] [32m[1mLinking CXX shared library /home/panda/ws_moveit/devel/.private/pilz_industrial_motion_planner/lib/libplanning_context_loader_ptp.so[0m
[ 38%] Built target pilz_industrial_motion_planner
[ 38%] Built target moveit_msgs_generate_messages_cpp
[ 55%] Built target pilz_industrial_motion_planner_lib
[ 55%] Built target tf2_msgs_generate_messages_nodejs
[ 55%] Built target tf2_msgs_generate_messages_eus
[ 55%] Built target visualization_msgs_generate_messages_cpp
[ 55%] Built target tf2_msgs_generate_messages_cpp
[ 65%] Built target planning_context_loader_ptp
[ 65%] Built target actionlib_generate_messages_lisp
[ 65%] Built target geometry_msgs_generate_messages_cpp
[ 65%] Built target octomap_msgs_generate_messages_py
[ 65%] Built target tf_generate_messages_nodejs
[ 65%] Built target tf2_msgs_generate_messages_py
[ 65%] Built target tf2_msgs_generate_messages_lisp
[ 65%] Built target octomap_msgs_generate_messages_nodejs
[ 65%] Built target object_recognition_msgs_generate_messages_py
[ 65%] Built target std_srvs_generate_messages_nodejs
[ 65%] Built target std_srvs_generate_messages_eus
[ 65%] Built target roscpp_generate_messages_lisp
[ 65%] Built target object_recognition_msgs_generate_messages_cpp
[ 65%] Built target rosgraph_msgs_generate_messages_eus
[ 65%] Built target trajectory_msgs_generate_messages_nodejs
[ 65%] Built target trajectory_msgs_generate_messages_lisp
[ 65%] Built target trajectory_msgs_generate_messages_cpp
[ 65%] Built target shape_msgs_generate_messages_py
[ 65%] Built target object_recognition_msgs_generate_messages_lisp
[ 65%] Built target sensor_msgs_generate_messages_eus
[ 65%] Built target sensor_msgs_generate_messages_cpp
[ 65%] Built target actionlib_msgs_generate_messages_py
[ 65%] Built target actionlib_msgs_generate_messages_eus
[ 65%] Built target actionlib_msgs_generate_messages_lisp
[ 65%] Built target roscpp_generate_messages_eus
[ 65%] Built target actionlib_msgs_generate_messages_cpp
[ 65%] Built target tf_generate_messages_eus
[ 65%] Built target moveit_msgs_generate_messages_py
[ 65%] Built target actionlib_generate_messages_eus
[ 65%] Built target moveit_msgs_generate_messages_lisp
[ 65%] Built target moveit_msgs_generate_messages_eus
[ 65%] Built target trajectory_msgs_generate_messages_py
[ 65%] Built target rosgraph_msgs_generate_messages_nodejs
[ 65%] Built target std_msgs_generate_messages_eus
[ 65%] Built target rosgraph_msgs_generate_messages_py
[ 65%] Built target rosgraph_msgs_generate_messages_lisp
[ 65%] Built target dynamic_reconfigure_generate_messages_cpp
[ 65%] Built target rosgraph_msgs_generate_messages_cpp
[ 65%] Built target trajectory_msgs_generate_messages_eus
[ 65%] Built target roscpp_generate_messages_py
[ 65%] Built target moveit_ros_planning_gencfg
[ 65%] Built target geometry_msgs_generate_messages_eus
[ 65%] Built target roscpp_generate_messages_nodejs
[ 65%] Built target octomap_msgs_generate_messages_cpp
[ 65%] Built target std_msgs_generate_messages_lisp
[ 65%] Built target std_msgs_generate_messages_nodejs
[ 65%] Built target actionlib_generate_messages_cpp
[ 65%] Built target octomap_msgs_generate_messages_eus
[ 65%] Built target object_recognition_msgs_generate_messages_eus
[ 65%] Built target sensor_msgs_generate_messages_py
[ 65%] Built target sensor_msgs_generate_messages_nodejs
[ 65%] Built target moveit_msgs_generate_messages_nodejs
[ 65%] Built target roscpp_generate_messages_cpp
[ 65%] Built target shape_msgs_generate_messages_eus
[ 65%] Built target actionlib_msgs_generate_messages_nodejs
[ 65%] Built target std_srvs_generate_messages_cpp
[ 65%] Built target tf_generate_messages_cpp
[ 65%] Built target dynamic_reconfigure_generate_messages_py
[ 65%] Built target dynamic_reconfigure_generate_messages_eus
[ 65%] Built target actionlib_generate_messages_py
[ 65%] Built target shape_msgs_generate_messages_nodejs
[ 65%] Built target geometry_msgs_generate_messages_nodejs
[ 65%] Built target std_msgs_generate_messages_py
[ 65%] Built target dynamic_reconfigure_gencfg
[ 65%] Built target std_msgs_generate_messages_cpp
[ 65%] Built target visualization_msgs_generate_messages_nodejs
[ 65%] Built target geometry_msgs_generate_messages_lisp
[ 65%] Built target object_recognition_msgs_generate_messages_nodejs
[ 65%] Built target geometry_msgs_generate_messages_py
[ 65%] Built target shape_msgs_generate_messages_cpp
[ 65%] Built target visualization_msgs_generate_messages_py
[ 65%] Built target sensor_msgs_generate_messages_lisp
[ 65%] Built target dynamic_reconfigure_generate_messages_nodejs
[ 65%] Built target std_srvs_generate_messages_lisp
[ 65%] Built target moveit_ros_manipulation_gencfg
[ 65%] Built target std_srvs_generate_messages_py
[ 65%] Built target octomap_msgs_generate_messages_lisp
[ 65%] Built target shape_msgs_generate_messages_lisp
[ 65%] Built target tf_generate_messages_py
[ 65%] Built target tf_generate_messages_lisp
[ 65%] Built target visualization_msgs_generate_messages_lisp
[ 65%] Built target visualization_msgs_generate_messages_eus
[ 65%] Built target dynamic_reconfigure_generate_messages_lisp
[ 65%] Built target actionlib_generate_messages_nodejs
[ 68%] [32m[1mLinking CXX shared library /home/panda/ws_moveit/devel/.private/pilz_industrial_motion_planner/lib/libcommand_list_manager.so[0m
[ 68%] [32m[1mLinking CXX shared library /home/panda/ws_moveit/devel/.private/pilz_industrial_motion_planner/lib/libpilz_industrial_motion_planner_testhelpers.so[0m
[ 70%] [32m[1mLinking CXX shared library /home/panda/ws_moveit/devel/.private/pilz_industrial_motion_planner/lib/libsequence_capability.so[0m
[ 72%] Built target command_list_manager
[ 85%] Built target pilz_industrial_motion_planner_testhelpers
[100%] Built target sequence_capability
