[  1%] [34m[1mAutomatic MOC and RCC for target moveit_rviz_plugin_render_tools[0m
[  1%] Built target moveit_rviz_plugin_render_tools_autogen
[  3%] [32m[1mLinking CXX shared library /home/panda/ws_moveit/devel/.private/moveit_ros_visualization/lib/libmoveit_rviz_plugin_render_tools.so[0m
[ 18%] Built target moveit_rviz_plugin_render_tools
[ 20%] [34m[1mAutomatic MOC and RCC for target moveit_robot_state_rviz_plugin_core[0m
[ 20%] Built target moveit_robot_state_rviz_plugin_core_autogen
[ 22%] [34m[1mAutomatic MOC and RCC for target moveit_planning_scene_rviz_plugin_core[0m
[ 22%] Built target moveit_planning_scene_rviz_plugin_core_autogen
[ 24%] [32m[1mLinking CXX shared library /home/panda/ws_moveit/devel/.private/moveit_ros_visualization/lib/libmoveit_robot_state_rviz_plugin_core.so[0m
[ 27%] Built target moveit_robot_state_rviz_plugin_core
[ 29%] [32m[1mLinking CXX shared library /home/panda/ws_moveit/devel/.private/moveit_ros_visualization/lib/libmoveit_planning_scene_rviz_plugin_core.so[0m
[ 33%] Built target moveit_planning_scene_rviz_plugin_core
[ 35%] [34m[1mAutomatic MOC and RCC for target moveit_robot_state_rviz_plugin[0m
[ 37%] [34m[1mAutomatic MOC and RCC for target moveit_planning_scene_rviz_plugin[0m
[ 37%] Built target moveit_robot_state_rviz_plugin_autogen
[ 37%] Built target moveit_planning_scene_rviz_plugin_autogen
[ 38%] [34m[1mAutomatic MOC and RCC for target moveit_motion_planning_rviz_plugin_core[0m
[ 40%] [34m[1mAutomatic MOC and RCC for target moveit_trajectory_rviz_plugin_core[0m
[ 40%] Built target moveit_motion_planning_rviz_plugin_core_autogen
[ 40%] Built target moveit_trajectory_rviz_plugin_core_autogen
[ 42%] [32m[1mLinking CXX shared library /home/panda/ws_moveit/devel/.private/moveit_ros_visualization/lib/libmoveit_robot_state_rviz_plugin.so[0m
[ 44%] [32m[1mLinking CXX shared library /home/panda/ws_moveit/devel/.private/moveit_ros_visualization/lib/libmoveit_planning_scene_rviz_plugin.so[0m
[ 46%] [32m[1mLinking CXX shared library /home/panda/ws_moveit/devel/.private/moveit_ros_visualization/lib/libmoveit_motion_planning_rviz_plugin_core.so[0m
[ 50%] Built target moveit_planning_scene_rviz_plugin
[ 53%] Built target moveit_robot_state_rviz_plugin
[ 55%] [32m[1mLinking CXX shared library /home/panda/ws_moveit/devel/.private/moveit_ros_visualization/lib/libmoveit_trajectory_rviz_plugin_core.so[0m
[ 59%] Built target moveit_trajectory_rviz_plugin_core
[ 61%] [34m[1mAutomatic MOC and RCC for target moveit_trajectory_rviz_plugin[0m
[ 61%] Built target moveit_trajectory_rviz_plugin_autogen
[ 62%] [32m[1mLinking CXX shared library /home/panda/ws_moveit/devel/.private/moveit_ros_visualization/lib/libmoveit_trajectory_rviz_plugin.so[0m
[ 66%] Built target moveit_trajectory_rviz_plugin
[ 92%] Built target moveit_motion_planning_rviz_plugin_core
[ 94%] [34m[1mAutomatic MOC and RCC for target moveit_motion_planning_rviz_plugin[0m
[ 94%] Built target moveit_motion_planning_rviz_plugin_autogen
[ 96%] [32m[1mLinking CXX shared library /home/panda/ws_moveit/devel/.private/moveit_ros_visualization/lib/libmoveit_motion_planning_rviz_plugin.so[0m
[100%] Built target moveit_motion_planning_rviz_plugin
