Not searching for unused variables given on the command line.
[36m--[0m Using CATKIN_DEVEL_PREFIX: /home/panda/ws_moveit/devel/.private/moveit_msgs
[36m--[0m Using CMAKE_PREFIX_PATH: /home/panda/ws_moveit/devel;/opt/ros/melodic;/home/panda/libfranka/devel
[36m--[0m This workspace overlays: /home/panda/ws_moveit/devel;/opt/ros/melodic
[36m--[0m Found PythonInterp: /usr/bin/python2 (found suitable version "2.7.17", minimum required is "2")
[36m--[0m Using PYTHON_EXECUTABLE: /usr/bin/python2
[36m--[0m Using Debian Python package layout
[36m--[0m Using empy: /usr/bin/empy
[36m--[0m Using CATKIN_ENABLE_TESTING: ON
[36m--[0m Call enable_testing()
[36m--[0m Using CATKIN_TEST_RESULTS_DIR: /home/panda/ws_moveit/build/moveit_msgs/test_results
[36m--[0m Found gtest sources under '/usr/src/googletest': gtests will be built
[36m--[0m Found gmock sources under '/usr/src/googletest': gmock will be built
[36m--[0m Found PythonInterp: /usr/bin/python2 (found version "2.7.17")
[36m--[0m Using Python nosetests: /usr/bin/nosetests-2.7
[36m--[0m catkin 0.7.29
[36m--[0m BUILD_SHARED_LIBS is on
[36m--[0m Using these message generators: gencpp;geneus;genlisp;gennodejs;genpy
[36m--[0m Generating .msg files for action moveit_msgs/ExecuteTrajectory /home/panda/ws_moveit/src/moveit_msgs/action/ExecuteTrajectory.action
[36m--[0m Generating .msg files for action moveit_msgs/MoveGroup /home/panda/ws_moveit/src/moveit_msgs/action/MoveGroup.action
[36m--[0m Generating .msg files for action moveit_msgs/MoveGroupSequence /home/panda/ws_moveit/src/moveit_msgs/action/MoveGroupSequence.action
[36m--[0m Generating .msg files for action moveit_msgs/Pickup /home/panda/ws_moveit/src/moveit_msgs/action/Pickup.action
[36m--[0m Generating .msg files for action moveit_msgs/Place /home/panda/ws_moveit/src/moveit_msgs/action/Place.action
[36m--[0m moveit_msgs: 81 messages, 24 services
[36m--[0m Configuring done
[36m--[0m Generating done
[36m--[0m Build files have been written to: /home/panda/ws_moveit/build/moveit_msgs
