Determining if the pthread_create exist failed with the following output:
Change Dir: /home/panda/ws_moveit/build/franka_hw/CMakeFiles/CMakeTmp

Run Build Command:"/usr/bin/make" "cmTC_ed41b/fast"
/usr/bin/make -f CMakeFiles/cmTC_ed41b.dir/build.make CMakeFiles/cmTC_ed41b.dir/build
make[1]: Entering directory '/home/panda/ws_moveit/build/franka_hw/CMakeFiles/CMakeTmp'
Building C object CMakeFiles/cmTC_ed41b.dir/CheckSymbolExists.c.o
/usr/lib/ccache/cc    -o CMakeFiles/cmTC_ed41b.dir/CheckSymbolExists.c.o   -c /home/panda/ws_moveit/build/franka_hw/CMakeFiles/CMakeTmp/CheckSymbolExists.c
Linking C executable cmTC_ed41b
/usr/bin/cmake -E cmake_link_script CMakeFiles/cmTC_ed41b.dir/link.txt --verbose=1
/usr/lib/ccache/cc      -rdynamic CMakeFiles/cmTC_ed41b.dir/CheckSymbolExists.c.o  -o cmTC_ed41b 
CMakeFiles/cmTC_ed41b.dir/CheckSymbolExists.c.o: In function `main':
CheckSymbolExists.c:(.text+0x1b): undefined reference to `pthread_create'
collect2: error: ld returned 1 exit status
CMakeFiles/cmTC_ed41b.dir/build.make:97: recipe for target 'cmTC_ed41b' failed
make[1]: *** [cmTC_ed41b] Error 1
make[1]: Leaving directory '/home/panda/ws_moveit/build/franka_hw/CMakeFiles/CMakeTmp'
Makefile:126: recipe for target 'cmTC_ed41b/fast' failed
make: *** [cmTC_ed41b/fast] Error 2

File /home/panda/ws_moveit/build/franka_hw/CMakeFiles/CMakeTmp/CheckSymbolExists.c:
/* */
#include <pthread.h>

int main(int argc, char** argv)
{
  (void)argv;
#ifndef pthread_create
  return ((int*)(&pthread_create))[argc];
#else
  (void)argc;
  return 0;
#endif
}

Determining if the function pthread_create exists in the pthreads failed with the following output:
Change Dir: /home/panda/ws_moveit/build/franka_hw/CMakeFiles/CMakeTmp

Run Build Command:"/usr/bin/make" "cmTC_96a3d/fast"
/usr/bin/make -f CMakeFiles/cmTC_96a3d.dir/build.make CMakeFiles/cmTC_96a3d.dir/build
make[1]: Entering directory '/home/panda/ws_moveit/build/franka_hw/CMakeFiles/CMakeTmp'
Building C object CMakeFiles/cmTC_96a3d.dir/CheckFunctionExists.c.o
/usr/lib/ccache/cc   -DCHECK_FUNCTION_EXISTS=pthread_create   -o CMakeFiles/cmTC_96a3d.dir/CheckFunctionExists.c.o   -c /usr/share/cmake-3.10/Modules/CheckFunctionExists.c
Linking C executable cmTC_96a3d
/usr/bin/cmake -E cmake_link_script CMakeFiles/cmTC_96a3d.dir/link.txt --verbose=1
/usr/lib/ccache/cc  -DCHECK_FUNCTION_EXISTS=pthread_create    -rdynamic CMakeFiles/cmTC_96a3d.dir/CheckFunctionExists.c.o  -o cmTC_96a3d -lpthreads 
/usr/bin/ld: cannot find -lpthreads
collect2: error: ld returned 1 exit status
CMakeFiles/cmTC_96a3d.dir/build.make:97: recipe for target 'cmTC_96a3d' failed
make[1]: *** [cmTC_96a3d] Error 1
make[1]: Leaving directory '/home/panda/ws_moveit/build/franka_hw/CMakeFiles/CMakeTmp'
Makefile:126: recipe for target 'cmTC_96a3d/fast' failed
make: *** [cmTC_96a3d/fast] Error 2


