Determining if the pthread_create exist failed with the following output:
Change Dir: /home/panda/ws_moveit/build/chomp_motion_planner/CMakeFiles/CMakeTmp

Run Build Command:"/usr/bin/make" "cmTC_fe74d/fast"
/usr/bin/make -f CMakeFiles/cmTC_fe74d.dir/build.make CMakeFiles/cmTC_fe74d.dir/build
make[1]: Entering directory '/home/panda/ws_moveit/build/chomp_motion_planner/CMakeFiles/CMakeTmp'
Building C object CMakeFiles/cmTC_fe74d.dir/CheckSymbolExists.c.o
/usr/lib/ccache/cc    -o CMakeFiles/cmTC_fe74d.dir/CheckSymbolExists.c.o   -c /home/panda/ws_moveit/build/chomp_motion_planner/CMakeFiles/CMakeTmp/CheckSymbolExists.c
Linking C executable cmTC_fe74d
/usr/bin/cmake -E cmake_link_script CMakeFiles/cmTC_fe74d.dir/link.txt --verbose=1
/usr/lib/ccache/cc      -rdynamic CMakeFiles/cmTC_fe74d.dir/CheckSymbolExists.c.o  -o cmTC_fe74d 
CMakeFiles/cmTC_fe74d.dir/CheckSymbolExists.c.o: In function `main':
CheckSymbolExists.c:(.text+0x1b): undefined reference to `pthread_create'
collect2: error: ld returned 1 exit status
CMakeFiles/cmTC_fe74d.dir/build.make:97: recipe for target 'cmTC_fe74d' failed
make[1]: *** [cmTC_fe74d] Error 1
make[1]: Leaving directory '/home/panda/ws_moveit/build/chomp_motion_planner/CMakeFiles/CMakeTmp'
Makefile:126: recipe for target 'cmTC_fe74d/fast' failed
make: *** [cmTC_fe74d/fast] Error 2

File /home/panda/ws_moveit/build/chomp_motion_planner/CMakeFiles/CMakeTmp/CheckSymbolExists.c:
/* */
#include <pthread.h>

int main(int argc, char** argv)
{
  (void)argv;
#ifndef pthread_create
  return ((int*)(&pthread_create))[argc];
#else
  (void)argc;
  return 0;
#endif
}

Determining if the function pthread_create exists in the pthreads failed with the following output:
Change Dir: /home/panda/ws_moveit/build/chomp_motion_planner/CMakeFiles/CMakeTmp

Run Build Command:"/usr/bin/make" "cmTC_67c40/fast"
/usr/bin/make -f CMakeFiles/cmTC_67c40.dir/build.make CMakeFiles/cmTC_67c40.dir/build
make[1]: Entering directory '/home/panda/ws_moveit/build/chomp_motion_planner/CMakeFiles/CMakeTmp'
Building C object CMakeFiles/cmTC_67c40.dir/CheckFunctionExists.c.o
/usr/lib/ccache/cc   -DCHECK_FUNCTION_EXISTS=pthread_create   -o CMakeFiles/cmTC_67c40.dir/CheckFunctionExists.c.o   -c /usr/share/cmake-3.10/Modules/CheckFunctionExists.c
Linking C executable cmTC_67c40
/usr/bin/cmake -E cmake_link_script CMakeFiles/cmTC_67c40.dir/link.txt --verbose=1
/usr/lib/ccache/cc  -DCHECK_FUNCTION_EXISTS=pthread_create    -rdynamic CMakeFiles/cmTC_67c40.dir/CheckFunctionExists.c.o  -o cmTC_67c40 -lpthreads 
/usr/bin/ld: cannot find -lpthreads
collect2: error: ld returned 1 exit status
CMakeFiles/cmTC_67c40.dir/build.make:97: recipe for target 'cmTC_67c40' failed
make[1]: *** [cmTC_67c40] Error 1
make[1]: Leaving directory '/home/panda/ws_moveit/build/chomp_motion_planner/CMakeFiles/CMakeTmp'
Makefile:126: recipe for target 'cmTC_67c40/fast' failed
make: *** [cmTC_67c40/fast] Error 2


