Determining if the pthread_create exist failed with the following output:
Change Dir: /home/panda/ws_moveit/build/pilz_industrial_motion_planner/CMakeFiles/CMakeTmp

Run Build Command:"/usr/bin/make" "cmTC_dab5e/fast"
/usr/bin/make -f CMakeFiles/cmTC_dab5e.dir/build.make CMakeFiles/cmTC_dab5e.dir/build
make[1]: Entering directory '/home/panda/ws_moveit/build/pilz_industrial_motion_planner/CMakeFiles/CMakeTmp'
Building C object CMakeFiles/cmTC_dab5e.dir/CheckSymbolExists.c.o
/usr/lib/ccache/cc    -o CMakeFiles/cmTC_dab5e.dir/CheckSymbolExists.c.o   -c /home/panda/ws_moveit/build/pilz_industrial_motion_planner/CMakeFiles/CMakeTmp/CheckSymbolExists.c
Linking C executable cmTC_dab5e
/usr/bin/cmake -E cmake_link_script CMakeFiles/cmTC_dab5e.dir/link.txt --verbose=1
/usr/lib/ccache/cc      -rdynamic CMakeFiles/cmTC_dab5e.dir/CheckSymbolExists.c.o  -o cmTC_dab5e 
CMakeFiles/cmTC_dab5e.dir/CheckSymbolExists.c.o: In function `main':
CheckSymbolExists.c:(.text+0x1b): undefined reference to `pthread_create'
collect2: error: ld returned 1 exit status
CMakeFiles/cmTC_dab5e.dir/build.make:97: recipe for target 'cmTC_dab5e' failed
make[1]: *** [cmTC_dab5e] Error 1
make[1]: Leaving directory '/home/panda/ws_moveit/build/pilz_industrial_motion_planner/CMakeFiles/CMakeTmp'
Makefile:126: recipe for target 'cmTC_dab5e/fast' failed
make: *** [cmTC_dab5e/fast] Error 2

File /home/panda/ws_moveit/build/pilz_industrial_motion_planner/CMakeFiles/CMakeTmp/CheckSymbolExists.c:
/* */
#include <pthread.h>

int main(int argc, char** argv)
{
  (void)argv;
#ifndef pthread_create
  return ((int*)(&pthread_create))[argc];
#else
  (void)argc;
  return 0;
#endif
}

Determining if the function pthread_create exists in the pthreads failed with the following output:
Change Dir: /home/panda/ws_moveit/build/pilz_industrial_motion_planner/CMakeFiles/CMakeTmp

Run Build Command:"/usr/bin/make" "cmTC_ccbfd/fast"
/usr/bin/make -f CMakeFiles/cmTC_ccbfd.dir/build.make CMakeFiles/cmTC_ccbfd.dir/build
make[1]: Entering directory '/home/panda/ws_moveit/build/pilz_industrial_motion_planner/CMakeFiles/CMakeTmp'
Building C object CMakeFiles/cmTC_ccbfd.dir/CheckFunctionExists.c.o
/usr/lib/ccache/cc   -DCHECK_FUNCTION_EXISTS=pthread_create   -o CMakeFiles/cmTC_ccbfd.dir/CheckFunctionExists.c.o   -c /usr/share/cmake-3.10/Modules/CheckFunctionExists.c
Linking C executable cmTC_ccbfd
/usr/bin/cmake -E cmake_link_script CMakeFiles/cmTC_ccbfd.dir/link.txt --verbose=1
/usr/lib/ccache/cc  -DCHECK_FUNCTION_EXISTS=pthread_create    -rdynamic CMakeFiles/cmTC_ccbfd.dir/CheckFunctionExists.c.o  -o cmTC_ccbfd -lpthreads 
/usr/bin/ld: cannot find -lpthreads
collect2: error: ld returned 1 exit status
CMakeFiles/cmTC_ccbfd.dir/build.make:97: recipe for target 'cmTC_ccbfd' failed
make[1]: *** [cmTC_ccbfd] Error 1
make[1]: Leaving directory '/home/panda/ws_moveit/build/pilz_industrial_motion_planner/CMakeFiles/CMakeTmp'
Makefile:126: recipe for target 'cmTC_ccbfd/fast' failed
make: *** [cmTC_ccbfd/fast] Error 2


