Determining if the pthread_create exist failed with the following output:
Change Dir: /home/panda/ws_moveit/build/moveit_ros_control_interface/CMakeFiles/CMakeTmp

Run Build Command:"/usr/bin/make" "cmTC_28290/fast"
/usr/bin/make -f CMakeFiles/cmTC_28290.dir/build.make CMakeFiles/cmTC_28290.dir/build
make[1]: Entering directory '/home/panda/ws_moveit/build/moveit_ros_control_interface/CMakeFiles/CMakeTmp'
Building C object CMakeFiles/cmTC_28290.dir/CheckSymbolExists.c.o
/usr/lib/ccache/cc    -o CMakeFiles/cmTC_28290.dir/CheckSymbolExists.c.o   -c /home/panda/ws_moveit/build/moveit_ros_control_interface/CMakeFiles/CMakeTmp/CheckSymbolExists.c
Linking C executable cmTC_28290
/usr/bin/cmake -E cmake_link_script CMakeFiles/cmTC_28290.dir/link.txt --verbose=1
/usr/lib/ccache/cc      -rdynamic CMakeFiles/cmTC_28290.dir/CheckSymbolExists.c.o  -o cmTC_28290 
CMakeFiles/cmTC_28290.dir/CheckSymbolExists.c.o: In function `main':
CheckSymbolExists.c:(.text+0x1b): undefined reference to `pthread_create'
collect2: error: ld returned 1 exit status
CMakeFiles/cmTC_28290.dir/build.make:97: recipe for target 'cmTC_28290' failed
make[1]: *** [cmTC_28290] Error 1
make[1]: Leaving directory '/home/panda/ws_moveit/build/moveit_ros_control_interface/CMakeFiles/CMakeTmp'
Makefile:126: recipe for target 'cmTC_28290/fast' failed
make: *** [cmTC_28290/fast] Error 2

File /home/panda/ws_moveit/build/moveit_ros_control_interface/CMakeFiles/CMakeTmp/CheckSymbolExists.c:
/* */
#include <pthread.h>

int main(int argc, char** argv)
{
  (void)argv;
#ifndef pthread_create
  return ((int*)(&pthread_create))[argc];
#else
  (void)argc;
  return 0;
#endif
}

Determining if the function pthread_create exists in the pthreads failed with the following output:
Change Dir: /home/panda/ws_moveit/build/moveit_ros_control_interface/CMakeFiles/CMakeTmp

Run Build Command:"/usr/bin/make" "cmTC_190a5/fast"
/usr/bin/make -f CMakeFiles/cmTC_190a5.dir/build.make CMakeFiles/cmTC_190a5.dir/build
make[1]: Entering directory '/home/panda/ws_moveit/build/moveit_ros_control_interface/CMakeFiles/CMakeTmp'
Building C object CMakeFiles/cmTC_190a5.dir/CheckFunctionExists.c.o
/usr/lib/ccache/cc   -DCHECK_FUNCTION_EXISTS=pthread_create   -o CMakeFiles/cmTC_190a5.dir/CheckFunctionExists.c.o   -c /usr/share/cmake-3.10/Modules/CheckFunctionExists.c
Linking C executable cmTC_190a5
/usr/bin/cmake -E cmake_link_script CMakeFiles/cmTC_190a5.dir/link.txt --verbose=1
/usr/lib/ccache/cc  -DCHECK_FUNCTION_EXISTS=pthread_create    -rdynamic CMakeFiles/cmTC_190a5.dir/CheckFunctionExists.c.o  -o cmTC_190a5 -lpthreads 
/usr/bin/ld: cannot find -lpthreads
collect2: error: ld returned 1 exit status
CMakeFiles/cmTC_190a5.dir/build.make:97: recipe for target 'cmTC_190a5' failed
make[1]: *** [cmTC_190a5] Error 1
make[1]: Leaving directory '/home/panda/ws_moveit/build/moveit_ros_control_interface/CMakeFiles/CMakeTmp'
Makefile:126: recipe for target 'cmTC_190a5/fast' failed
make: *** [cmTC_190a5/fast] Error 2


